-------------------------------------------------------------------------------
Test set: runner.TestRunner
-------------------------------------------------------------------------------
Tests run: 10, Failures: 0, Errors: 4, Skipped: 0, Time elapsed: 1.184 s <<< FAILURE! - in runner.TestRunner
Check login with valid credentials(Basket functionality test)  Time elapsed: 0.154 s  <<< ERROR!
io.cucumber.junit.UndefinedStepException: 
The step 'User should launch Chrome browser' is undefined.
You can implement this step using the snippet(s) below:

@Given("User should launch Chrome browser")
public void user_should_launch_chrome_browser() {
    // Write code here that turns the phrase above into concrete actions
    throw new io.cucumber.java.PendingException();
}


Check login with valid credentials(Demo functionality test)  Time elapsed: 0.019 s  <<< ERROR!
java.lang.ArithmeticException: / by zero

Check login with valid credentials(Holland and barrett functionality test)  Time elapsed: 0.013 s  <<< ERROR!
io.cucumber.junit.UndefinedStepException: 
The step 'User should launch Chrome browser' is undefined.
You can implement this step using the snippet(s) below:

@Given("User should launch Chrome browser")
public void user_should_launch_chrome_browser() {
    // Write code here that turns the phrase above into concrete actions
    throw new io.cucumber.java.PendingException();
}


Check login with valid credentials(Login functionality test)  Time elapsed: 0.011 s  <<< ERROR!
java.lang.ArithmeticException: / by zero

