<?xml version="1.0" encoding="UTF-8"?>
<testsuite xmlns:xsi="http://www.w3.org/2001/XMLSchema-instance" xsi:noNamespaceSchemaLocation="https://maven.apache.org/surefire/maven-surefire-plugin/xsd/surefire-test-report.xsd" name="runner.TestRunner" time="1.184" tests="10" errors="4" skipped="0" failures="0">
  <properties>
[...]
</properties>
  <testcase name="Check login with valid credentials" classname="Basket functionality test" time="0.154">
    <error message="The step &apos;User should launch Chrome browser&apos; is undefined.&#10;You can implement this step using the snippet(s) below:&#10;&#10;@Given(&quot;User should launch Chrome browser&quot;)&#10;public void user_should_launch_chrome_browser() {&#10;    // Write code here that turns the phrase above into concrete actions&#10;    throw new io.cucumber.java.PendingException();&#10;}&#10;" type="io.cucumber.junit.UndefinedStepException">io.cucumber.junit.UndefinedStepException: 
The step 'User should launch Chrome browser' is undefined.
You can implement this step using the snippet(s) below:

@Given("User should launch Chrome browser")
public void user_should_launch_chrome_browser() {
    // Write code here that turns the phrase above into concrete actions
    throw new io.cucumber.java.PendingException();
}

</error>
    <system-out><![CDATA[
Scenario: Check login with valid credentials   # Features/Basket.feature:3
  Given User should launch Chrome browser
  When user enters valid username and password # steps.Login.user_enters_valid_username_and_password()
  And clicks on login button                   # steps.Login.clicks_on_login_button()
  Then user is navigated to the home page      # steps.Login.user_is_navigated_to_the_home_page()
]]></system-out>
  </testcase>
  <testcase name="Check login with invalid credentials" classname="Basket functionality test" time="0.011"/>
  <testcase name="Check login with credentials" classname="Basket functionality test" time="0.009"/>
  <testcase name="Search basket items visiable or not" classname="Basket functionality test" time="0.011"/>
  <testcase name="Check login with valid credentials" classname="Demo functionality test" time="0.019">
    <error message="/ by zero" type="java.lang.ArithmeticException">java.lang.ArithmeticException: / by zero
</error>
    <system-out><![CDATA[
Scenario: Check login with valid credentials   # Features/Demo.feature:3
  Given User calculated 1/0                    # steps.Login.user_calculated(java.lang.Integer,java.lang.Integer)
      java.lang.ArithmeticException: / by zero
	at steps.Login.user_calculated(Login.java:11)
	at ✽.User calculated 1/0(file:///C:/Users/Administrator/Documents/Testing%20course/SeleniumJava/CucumberJava/BDDReports/./Features/Demo.feature:4)

  When user enters valid username and password # steps.Login.user_enters_valid_username_and_password()
  And clicks on login button                   # steps.Login.clicks_on_login_button()
  Then user is navigated to the home page      # steps.Login.user_is_navigated_to_the_home_page()
]]></system-out>
  </testcase>
  <testcase name="Check login with invalid credentials" classname="Demo functionality test" time="0.01"/>
  <testcase name="Check login with valid credentials" classname="Holland and barrett functionality test" time="0.013">
    <error message="The step &apos;User should launch Chrome browser&apos; is undefined.&#10;You can implement this step using the snippet(s) below:&#10;&#10;@Given(&quot;User should launch Chrome browser&quot;)&#10;public void user_should_launch_chrome_browser() {&#10;    // Write code here that turns the phrase above into concrete actions&#10;    throw new io.cucumber.java.PendingException();&#10;}&#10;" type="io.cucumber.junit.UndefinedStepException">io.cucumber.junit.UndefinedStepException: 
The step 'User should launch Chrome browser' is undefined.
You can implement this step using the snippet(s) below:

@Given("User should launch Chrome browser")
public void user_should_launch_chrome_browser() {
    // Write code here that turns the phrase above into concrete actions
    throw new io.cucumber.java.PendingException();
}

</error>
    <system-out><![CDATA[
Scenario: Check login with valid credentials   # Features/HandB.feature:3
  Given User should launch Chrome browser
  When user enters valid username and password # steps.Login.user_enters_valid_username_and_password()
  And clicks on login button                   # steps.Login.clicks_on_login_button()
  Then user is navigated to the home page      # steps.Login.user_is_navigated_to_the_home_page()
]]></system-out>
  </testcase>
  <testcase name="Check login with invalid credentials" classname="Holland and barrett functionality test" time="0.011"/>
  <testcase name="Check login with valid credentials" classname="Login functionality test" time="0.011">
    <error message="/ by zero" type="java.lang.ArithmeticException">java.lang.ArithmeticException: / by zero
</error>
    <system-out><![CDATA[
Scenario: Check login with valid credentials   # Features/Login.feature:3
  Given User calculated 1/0                    # steps.Login.user_calculated(java.lang.Integer,java.lang.Integer)
      java.lang.ArithmeticException: / by zero
	at steps.Login.user_calculated(Login.java:11)
	at ✽.User calculated 1/0(file:///C:/Users/Administrator/Documents/Testing%20course/SeleniumJava/CucumberJava/BDDReports/./Features/Login.feature:4)

  When user enters valid username and password # steps.Login.user_enters_valid_username_and_password()
  And clicks on login button                   # steps.Login.clicks_on_login_button()
  Then user is navigated to the home page      # steps.Login.user_is_navigated_to_the_home_page()
]]></system-out>
  </testcase>
  <testcase name="Check login with invalid credentials" classname="Login functionality test" time="0.013"/>
</testsuite>